Build started 2016/4/28 17:25:49.
     1>Project "E:\vstest\QtTab\QtTab\QtTab.vcxproj" on node 2 (build target(s)).
     1>InitializeBuildStatus:
         Creating "Debug\QtTab.unsuccessfulbuild" because "AlwaysCreate" was specified.
       CustomBuild:
         All outputs are up-to-date.
       ClCompile:
         D:\Program Files (x86)\Microsoft Visual Studio 10.0\VC\bin\CL.exe /c /I.\GeneratedFiles /I. /IC:\Qt\Qt5.3.1\5.3\msvc2010_opengl\include /I.\GeneratedFiles\Debug /IC:\Qt\Qt5.3.1\5.3\msvc2010_opengl\include\QtCore /IC:\Qt\Qt5.3.1\5.3\msvc2010_opengl\include\QtGui /IC:\Qt\Qt5.3.1\5.3\msvc2010_opengl\include\QtWidgets /Zi /nologo /W1 /WX- /Od /Oy- /D UNICODE /D WIN32 /D WIN64 /D QT_DLL /D QT_CORE_LIB /D QT_GUI_LIB /D QT_WIDGETS_LIB /Gm- /EHsc /MDd /GS /fp:precise /Zc:wchar_t /Zc:forScope /Fo"Debug\\" /Fd"Debug\vc100.pdb" /Gd /TP /analyze- /errorReport:prompt cpenwidget.cpp qttab.cpp
         cpenwidget.cpp
         qttab.cpp
         Generating Code...
         All outputs are up-to-date.
       Link:
         D:\Program Files (x86)\Microsoft Visual Studio 10.0\VC\bin\link.exe /ERRORREPORT:PROMPT /OUT:"E:\vstest\QtTab\Win32\Debug\\QtTab.exe" /NOLOGO /LIBPATH:C:\Qt\Qt5.3.1\5.3\msvc2010_opengl\lib qtmaind.lib Qt5Cored.lib Qt5Guid.lib Qt5Widgetsd.lib kernel32.lib user32.lib gdi32.lib winspool.lib comdlg32.lib advapi32.lib shell32.lib ole32.lib oleaut32.lib uuid.lib odbc32.lib odbccp32.lib /MANIFEST /ManifestFile:"Debug\QtTab.exe.intermediate.manifest" /MANIFESTUAC:"level='asInvoker' uiAccess='false'" /DEBUG /PDB:"E:\vstest\QtTab\Win32\Debug\QtTab.pdb" /SUBSYSTEM:WINDOWS /TLBID:1 /DYNAMICBASE /NXCOMPAT /IMPLIB:"E:\vstest\QtTab\Win32\Debug\QtTab.lib" /MACHINE:X86 Debug\cpenwidget.obj
         Debug\moc_penwidget.obj
         Debug\moc_qttab.obj
         Debug\qrc_qttab.obj
         Debug\main.obj
         Debug\qttab.obj
         LINK : E:\vstest\QtTab\Win32\Debug\\QtTab.exe not found or not built by the last incremental link; performing full link
         QtTab.vcxproj -> E:\vstest\QtTab\Win32\Debug\QtTab.exe
       Manifest:
         C:\Program Files (x86)\Microsoft SDKs\Windows\v7.0A\bin\mt.exe /nologo /verbose /outputresource:"E:\vstest\QtTab\Win32\Debug\\QtTab.exe;#1" /manifest Debug\QtTab.exe.intermediate.manifest
       FinalizeBuildStatus:
         Deleting file "Debug\QtTab.unsuccessfulbuild".
         Touching "Debug\QtTab.lastbuildstate".
     1>Done Building Project "E:\vstest\QtTab\QtTab\QtTab.vcxproj" (build target(s)).

Build succeeded.

Time Elapsed 00:00:02.45
